<?xml version="1.0" encoding="UTF-8"?>
<!-- Generated by org.testng.reporters.JUnitXMLReporter -->
<testsuite ignored="0" hostname="LAPTOP-JLPCQCSL" failures="0" tests="3" name="Default test" time="3.42" errors="0" timestamp="24 Feb 2018 00:14:00 GMT">
  <testcase classname="test.api.GetData" name="testBody" time="2.161"/>
  <testcase classname="test.api.GetData" name="testResonseCode" time="0.347"/>
  <testcase classname="test.api.GetData" name="testSurveyId" time="0.875"/>
</testsuite> <!-- Default test -->
