<?xml version="1.0" encoding="UTF-8"?>
<testng-results ignored="0" total="3" passed="3" failed="0" skipped="0">
  <reporter-output>
  </reporter-output>
  <suite started-at="2018-02-24T00:13:56Z" name="Default suite" finished-at="2018-02-24T00:14:00Z" duration-ms="3420">
    <groups>
    </groups>
    <test started-at="2018-02-24T00:13:56Z" name="Default test" finished-at="2018-02-24T00:14:00Z" duration-ms="3420">
      <class name="test.api.GetData">
        <test-method signature="testBody()[pri:0, instance:test.api.GetData@7a675056]" started-at="2018-02-24T00:13:56Z" name="testBody" finished-at="2018-02-24T00:13:58Z" duration-ms="2161" status="PASS">
          <reporter-output>
          </reporter-output>
        </test-method> <!-- testBody -->
        <test-method signature="testResonseCode()[pri:0, instance:test.api.GetData@7a675056]" started-at="2018-02-24T00:13:58Z" name="testResonseCode" finished-at="2018-02-24T00:13:59Z" duration-ms="347" status="PASS">
          <reporter-output>
          </reporter-output>
        </test-method> <!-- testResonseCode -->
        <test-method signature="testSurveyId()[pri:0, instance:test.api.GetData@7a675056]" started-at="2018-02-24T00:13:59Z" name="testSurveyId" finished-at="2018-02-24T00:14:00Z" duration-ms="875" status="PASS">
          <reporter-output>
          </reporter-output>
        </test-method> <!-- testSurveyId -->
      </class> <!-- test.api.GetData -->
    </test> <!-- Default test -->
  </suite> <!-- Default suite -->
</testng-results>
